# JRE version: OpenJDK Runtime Environment Temurin-17.0.1+12 (17.0.1+12) (build 17.0.1+12)
# Java VM: OpenJDK 64-Bit Server VM Temurin-17.0.1+12 (17.0.1+12, mixed mode, tiered, compressed oops, compressed class ptrs, g1 gc, windows-amd64)
GC Precious Log:
 CPUs: 4 total, 4 available
 Memory: 8191M
 Large Page Support: Disabled
 NUMA Support: Disabled
 Compressed Oops: Enabled (32-bit)
 Heap Region Size: 1M
 Heap Min Capacity: 8M
 Heap Initial Capacity: 128M
 Heap Max Capacity: 2G
 Pre-touch: Disabled
 Parallel Workers: 4
 Concurrent Workers: 1
 Concurrent Refinement Workers: 4
 Periodic GC: Disabled
Heap:
 garbage-first heap   total 131072K, used 50633K [0x0000000080000000, 0x0000000100000000)
  region size 1024K, 46 young (47104K), 1 survivors (1024K)
 Metaspace       used 20583K, committed 20800K, reserved 1073152K
  class space    used 2211K, committed 2368K, reserved 1048576K
GC Heap History (8 events):
Event: 0.534 GC heap before
{Heap before GC invocations=0 (full 0):
 garbage-first heap   total 131072K, used 13312K [0x0000000080000000, 0x0000000100000000)
  region size 1024K, 13 young (13312K), 0 survivors (0K)
 Metaspace       used 9458K, committed 9600K, reserved 1064960K
  class space    used 831K, committed 896K, reserved 1048576K
}
Event: 0.538 GC heap after
{Heap after GC invocations=1 (full 0):
 garbage-first heap   total 131072K, used 6016K [0x0000000080000000, 0x0000000100000000)
  region size 1024K, 2 young (2048K), 2 survivors (2048K)
 Metaspace       used 9458K, committed 9600K, reserved 1064960K
  class space    used 831K, committed 896K, reserved 1048576K
}
Event: 0.698 GC heap before
{Heap before GC invocations=1 (full 0):
 garbage-first heap   total 131072K, used 18304K [0x0000000080000000, 0x0000000100000000)
  region size 1024K, 15 young (15360K), 2 survivors (2048K)
 Metaspace       used 11609K, committed 11776K, reserved 1064960K
  class space    used 1121K, committed 1216K, reserved 1048576K
}
Event: 0.701 GC heap after
{Heap after GC invocations=2 (full 0):
 garbage-first heap   total 131072K, used 6589K [0x0000000080000000, 0x0000000100000000)
  region size 1024K, 1 young (1024K), 1 survivors (1024K)
 Metaspace       used 11609K, committed 11776K, reserved 1064960K
  class space    used 1121K, committed 1216K, reserved 1048576K
}
Event: 0.716 GC heap before
{Heap before GC invocations=2 (full 0):
 garbage-first heap   total 131072K, used 36285K [0x0000000080000000, 0x0000000100000000)
  region size 1024K, 31 young (31744K), 1 survivors (1024K)
 Metaspace       used 11609K, committed 11776K, reserved 1064960K
  class space    used 1121K, committed 1216K, reserved 1048576K
}
Event: 0.717 GC heap after
{Heap after GC invocations=3 (full 0):
 garbage-first heap   total 131072K, used 6577K [0x0000000080000000, 0x0000000100000000)
  region size 1024K, 1 young (1024K), 1 survivors (1024K)
 Metaspace       used 11609K, committed 11776K, reserved 1064960K
  class space    used 1121K, committed 1216K, reserved 1048576K
}
Event: 0.754 GC heap before
{Heap before GC invocations=3 (full 0):
 garbage-first heap   total 131072K, used 82353K [0x0000000080000000, 0x0000000100000000)
  region size 1024K, 76 young (77824K), 1 survivors (1024K)
 Metaspace       used 11609K, committed 11776K, reserved 1064960K
  class space    used 1121K, committed 1216K, reserved 1048576K
}
Event: 0.755 GC heap after
{Heap after GC invocations=4 (full 0):
 garbage-first heap   total 131072K, used 6601K [0x0000000080000000, 0x0000000100000000)
  region size 1024K, 1 young (1024K), 1 survivors (1024K)
 Metaspace       used 11609K, committed 11776K, reserved 1064960K
  class space    used 1121K, committed 1216K, reserved 1048576K
}

