# JRE version: OpenJDK Runtime Environment Temurin-17.0.1+12 (17.0.1+12) (build 17.0.1+12)
# Java VM: OpenJDK 64-Bit Server VM Temurin-17.0.1+12 (17.0.1+12, mixed mode, tiered, compressed oops, compressed class ptrs, g1 gc, windows-amd64)
GC Precious Log:
 CPUs: 4 total, 4 available
 Memory: 8191M
 Large Page Support: Disabled
 NUMA Support: Disabled
 Compressed Oops: Enabled (32-bit)
 Heap Region Size: 1M
 Heap Min Capacity: 8M
 Heap Initial Capacity: 128M
 Heap Max Capacity: 2G
 Pre-touch: Disabled
 Parallel Workers: 4
 Concurrent Workers: 1
 Concurrent Refinement Workers: 4
 Periodic GC: Disabled
Heap:
 garbage-first heap   total 195584K, used 70384K [0x0000000080000000, 0x0000000100000000)
  region size 1024K, 55 young (56320K), 1 survivors (1024K)
 Metaspace       used 45933K, committed 46336K, reserved 1089536K
  class space    used 5364K, committed 5568K, reserved 1048576K
GC Heap History (20 events):
Event: 1.759 GC heap before
{Heap before GC invocations=8 (full 0):
 garbage-first heap   total 48128K, used 33672K [0x0000000080000000, 0x0000000100000000)
  region size 1024K, 24 young (24576K), 1 survivors (1024K)
 Metaspace       used 25977K, committed 26304K, reserved 1073152K
  class space    used 2915K, committed 3072K, reserved 1048576K
}
Event: 1.760 GC heap after
{Heap after GC invocations=9 (full 0):
 garbage-first heap   total 48128K, used 11110K [0x0000000080000000, 0x0000000100000000)
  region size 1024K, 1 young (1024K), 1 survivors (1024K)
 Metaspace       used 25977K, committed 26304K, reserved 1073152K
  class space    used 2915K, committed 3072K, reserved 1048576K
}
Event: 1.765 GC heap before
{Heap before GC invocations=9 (full 0):
 garbage-first heap   total 48128K, used 34662K [0x0000000080000000, 0x0000000100000000)
  region size 1024K, 25 young (25600K), 1 survivors (1024K)
 Metaspace       used 25977K, committed 26304K, reserved 1073152K
  class space    used 2915K, committed 3072K, reserved 1048576K
}
Event: 1.766 GC heap after
{Heap after GC invocations=10 (full 0):
 garbage-first heap   total 48128K, used 11138K [0x0000000080000000, 0x0000000100000000)
  region size 1024K, 1 young (1024K), 1 survivors (1024K)
 Metaspace       used 25977K, committed 26304K, reserved 1073152K
  class space    used 2915K, committed 3072K, reserved 1048576K
}
Event: 1.770 GC heap before
{Heap before GC invocations=10 (full 0):
 garbage-first heap   total 48128K, used 35714K [0x0000000080000000, 0x0000000100000000)
  region size 1024K, 26 young (26624K), 1 survivors (1024K)
 Metaspace       used 25977K, committed 26304K, reserved 1073152K
  class space    used 2915K, committed 3072K, reserved 1048576K
}
Event: 1.771 GC heap after
{Heap after GC invocations=11 (full 0):
 garbage-first heap   total 48128K, used 11131K [0x0000000080000000, 0x0000000100000000)
  region size 1024K, 1 young (1024K), 1 survivors (1024K)
 Metaspace       used 25977K, committed 26304K, reserved 1073152K
  class space    used 2915K, committed 3072K, reserved 1048576K
}
Event: 1.776 GC heap before
{Heap before GC invocations=11 (full 0):
 garbage-first heap   total 48128K, used 36731K [0x0000000080000000, 0x0000000100000000)
  region size 1024K, 27 young (27648K), 1 survivors (1024K)
 Metaspace       used 25977K, committed 26304K, reserved 1073152K
  class space    used 2915K, committed 3072K, reserved 1048576K
}
Event: 1.778 GC heap after
{Heap after GC invocations=12 (full 0):
 garbage-first heap   total 101376K, used 11147K [0x0000000080000000, 0x0000000100000000)
  region size 1024K, 1 young (1024K), 1 survivors (1024K)
 Metaspace       used 25977K, committed 26304K, reserved 1073152K
  class space    used 2915K, committed 3072K, reserved 1048576K
}
Event: 2.760 GC heap before
{Heap before GC invocations=12 (full 0):
 garbage-first heap   total 101376K, used 69515K [0x0000000080000000, 0x0000000100000000)
  region size 1024K, 59 young (60416K), 1 survivors (1024K)
 Metaspace       used 29890K, committed 30144K, reserved 1081344K
  class space    used 3357K, committed 3456K, reserved 1048576K
}
Event: 2.764 GC heap after
{Heap after GC invocations=13 (full 0):
 garbage-first heap   total 101376K, used 13844K [0x0000000080000000, 0x0000000100000000)
  region size 1024K, 3 young (3072K), 3 survivors (3072K)
 Metaspace       used 29890K, committed 30144K, reserved 1081344K
  class space    used 3357K, committed 3456K, reserved 1048576K
}
Event: 3.703 GC heap before
{Heap before GC invocations=13 (full 0):
 garbage-first heap   total 101376K, used 51732K [0x0000000080000000, 0x0000000100000000)
  region size 1024K, 41 young (41984K), 3 survivors (3072K)
 Metaspace       used 35738K, committed 36096K, reserved 1081344K
  class space    used 4222K, committed 4416K, reserved 1048576K
}
Event: 3.709 GC heap after
{Heap after GC invocations=14 (full 0):
 garbage-first heap   total 101376K, used 17181K [0x0000000080000000, 0x0000000100000000)
  region size 1024K, 7 young (7168K), 7 survivors (7168K)
 Metaspace       used 35738K, committed 36096K, reserved 1081344K
  class space    used 4222K, committed 4416K, reserved 1048576K
}
Event: 3.938 GC heap before
{Heap before GC invocations=15 (full 0):
 garbage-first heap   total 65536K, used 56093K [0x0000000080000000, 0x0000000100000000)
  region size 1024K, 47 young (48128K), 7 survivors (7168K)
 Metaspace       used 37456K, committed 37760K, reserved 1089536K
  class space    used 4405K, committed 4544K, reserved 1048576K
}
Event: 3.943 GC heap after
{Heap after GC invocations=16 (full 0):
 garbage-first heap   total 67584K, used 17819K [0x0000000080000000, 0x0000000100000000)
  region size 1024K, 5 young (5120K), 5 survivors (5120K)
 Metaspace       used 37456K, committed 37760K, reserved 1089536K
  class space    used 4405K, committed 4544K, reserved 1048576K
}
Event: 3.944 GC heap before
{Heap before GC invocations=16 (full 0):
 garbage-first heap   total 67584K, used 19867K [0x0000000080000000, 0x0000000100000000)
  region size 1024K, 8 young (8192K), 5 survivors (5120K)
 Metaspace       used 37456K, committed 37760K, reserved 1089536K
  class space    used 4405K, committed 4544K, reserved 1048576K
}
Event: 3.947 GC heap after
{Heap after GC invocations=17 (full 0):
 garbage-first heap   total 67584K, used 17087K [0x0000000080000000, 0x0000000100000000)
  region size 1024K, 1 young (1024K), 1 survivors (1024K)
 Metaspace       used 37456K, committed 37760K, reserved 1089536K
  class space    used 4405K, committed 4544K, reserved 1048576K
}
Event: 3.954 GC heap before
{Heap before GC invocations=17 (full 0):
 garbage-first heap   total 67584K, used 52927K [0x0000000080000000, 0x0000000100000000)
  region size 1024K, 37 young (37888K), 1 survivors (1024K)
 Metaspace       used 37456K, committed 37760K, reserved 1089536K
  class space    used 4405K, committed 4544K, reserved 1048576K
}
Event: 3.955 GC heap after
{Heap after GC invocations=18 (full 0):
 garbage-first heap   total 67584K, used 17115K [0x0000000080000000, 0x0000000100000000)
  region size 1024K, 1 young (1024K), 1 survivors (1024K)
 Metaspace       used 37456K, committed 37760K, reserved 1089536K
  class space    used 4405K, committed 4544K, reserved 1048576K
}
Event: 3.962 GC heap before
{Heap before GC invocations=18 (full 0):
 garbage-first heap   total 67584K, used 52955K [0x0000000080000000, 0x0000000100000000)
  region size 1024K, 37 young (37888K), 1 survivors (1024K)
 Metaspace       used 37456K, committed 37760K, reserved 1089536K
  class space    used 4405K, committed 4544K, reserved 1048576K
}
Event: 3.963 GC heap after
{Heap after GC invocations=19 (full 0):
 garbage-first heap   total 195584K, used 17136K [0x0000000080000000, 0x0000000100000000)
  region size 1024K, 1 young (1024K), 1 survivors (1024K)
 Metaspace       used 37456K, committed 37760K, reserved 1089536K
  class space    used 4405K, committed 4544K, reserved 1048576K
}

